<?xml version="1.0" encoding="UTF-8"?>
<!-- Generated by org.testng.reporters.JUnitReportReporter -->
<testsuite hostname="rutu_laptop" failures="0" tests="1" name="com.orangehrm.tests.LoginTest" time="7.739" errors="0" timestamp="2025-04-19T12:20:39 IST" skipped="0">
  <testcase classname="com.orangehrm.tests.LoginTest" name="validLoginTest" time="7.739"/>
</testsuite> <!-- com.orangehrm.tests.LoginTest -->
